[debug] [2025-05-09T14:50:20.337Z] ----------------------------------------------------------------------
[debug] [2025-05-09T14:50:20.345Z] Command:       /opt/homebrew/Cellar/node/23.7.0/bin/node /opt/homebrew/bin/firebase init firestore
[debug] [2025-05-09T14:50:20.346Z] CLI Version:   14.3.0
[debug] [2025-05-09T14:50:20.346Z] Platform:      darwin
[debug] [2025-05-09T14:50:20.346Z] Node Version:  v23.7.0
[debug] [2025-05-09T14:50:20.346Z] Time:          Fri May 09 2025 15:50:20 GMT+0100 (GMT+01:00)
[debug] [2025-05-09T14:50:20.346Z] ----------------------------------------------------------------------
[debug] 
[debug] [2025-05-09T14:50:20.349Z] > command requires scopes: ["email","openid","https://www.googleapis.com/auth/cloudplatformprojects.readonly","https://www.googleapis.com/auth/firebase","https://www.googleapis.com/auth/cloud-platform"]
[debug] [2025-05-09T14:50:20.350Z] > authorizing via signed-in user (bendiouribouchra@gmail.com)
[info] 
     ######## #### ########  ######## ########     ###     ######  ########
     ##        ##  ##     ## ##       ##     ##  ##   ##  ##       ##
     ######    ##  ########  ######   ########  #########  ######  ######
     ##        ##  ##    ##  ##       ##     ## ##     ##       ## ##
     ##       #### ##     ## ######## ########  ##     ##  ######  ########

You're about to initialize a Firebase project in this directory:

  /Users/bouchra/Desktop/portfolio

[info] 
=== Project Setup
[info] 
[info] First, let's associate this project directory with a Firebase project.
[info] You can create multiple project aliases by running firebase use --add, 
[info] but for now we'll just set up a default project.
[info] 
[debug] [2025-05-09T14:50:36.245Z] Checked if tokens are valid: true, expires at: 1746804952665
[debug] [2025-05-09T14:50:36.246Z] Checked if tokens are valid: true, expires at: 1746804952665
[debug] [2025-05-09T14:50:36.248Z] >>> [apiv2][query] GET https://firebase.googleapis.com/v1beta1/projects pageSize=100
[debug] [2025-05-09T14:50:36.831Z] <<< [apiv2][status] GET https://firebase.googleapis.com/v1beta1/projects 200
[debug] [2025-05-09T14:50:36.831Z] <<< [apiv2][body] GET https://firebase.googleapis.com/v1beta1/projects [omitted]
[info] i  Using project portfolio-dc1db (portfolio) 
[info] 
=== Firestore Setup
[debug] [2025-05-09T14:50:38.976Z] Checked if tokens are valid: true, expires at: 1746804952665
[debug] [2025-05-09T14:50:38.976Z] Checked if tokens are valid: true, expires at: 1746804952665
[debug] [2025-05-09T14:50:38.976Z] >>> [apiv2][query] GET https://serviceusage.googleapis.com/v1/projects/portfolio-dc1db/services/firestore.googleapis.com [none]
[debug] [2025-05-09T14:50:38.976Z] >>> [apiv2][(partial)header] GET https://serviceusage.googleapis.com/v1/projects/portfolio-dc1db/services/firestore.googleapis.com x-goog-quota-user=projects/portfolio-dc1db
[debug] [2025-05-09T14:50:39.931Z] <<< [apiv2][status] GET https://serviceusage.googleapis.com/v1/projects/portfolio-dc1db/services/firestore.googleapis.com 200
[debug] [2025-05-09T14:50:39.931Z] <<< [apiv2][body] GET https://serviceusage.googleapis.com/v1/projects/portfolio-dc1db/services/firestore.googleapis.com [omitted]
[debug] [2025-05-09T14:50:39.932Z] Checked if tokens are valid: true, expires at: 1746804952665
[debug] [2025-05-09T14:50:39.932Z] Checked if tokens are valid: true, expires at: 1746804952665
[debug] [2025-05-09T14:50:39.932Z] >>> [apiv2][query] GET https://firestore.googleapis.com/v1/projects/portfolio-dc1db/databases/(default) [none]
[debug] [2025-05-09T14:50:40.275Z] <<< [apiv2][status] GET https://firestore.googleapis.com/v1/projects/portfolio-dc1db/databases/(default) 200
[debug] [2025-05-09T14:50:40.276Z] <<< [apiv2][body] GET https://firestore.googleapis.com/v1/projects/portfolio-dc1db/databases/(default) {"name":"projects/portfolio-dc1db/databases/(default)","uid":"9630bcdf-63ab-4164-9368-ca5f2750d992","createTime":"2025-05-09T14:43:57.200100Z","updateTime":"2025-05-09T14:43:57.200100Z","locationId":"europe-southwest1","type":"FIRESTORE_NATIVE","concurrencyMode":"PESSIMISTIC","versionRetentionPeriod":"3600s","earliestVersionTime":"2025-05-09T14:43:57.200100Z","appEngineIntegrationMode":"DISABLED","pointInTimeRecoveryEnablement":"POINT_IN_TIME_RECOVERY_DISABLED","deleteProtectionState":"DELETE_PROTECTION_DISABLED","databaseEdition":"STANDARD","freeTier":true,"etag":"IPuBm7jRlo0DMOSl//fPlo0D"}
[debug] [2025-05-09T14:50:40.276Z] database_type: FIRESTORE_NATIVE
[debug] [2025-05-09T14:50:40.276Z] database_type: FIRESTORE_NATIVE
[debug] [2025-05-09T14:50:40.276Z] > command requires scopes: ["email","openid","https://www.googleapis.com/auth/cloudplatformprojects.readonly","https://www.googleapis.com/auth/firebase","https://www.googleapis.com/auth/cloud-platform"]
[debug] [2025-05-09T14:50:40.276Z] > authorizing via signed-in user (bendiouribouchra@gmail.com)
[debug] [2025-05-09T14:50:40.276Z] [iam] checking project portfolio-dc1db for permissions ["firebase.projects.get"]
[debug] [2025-05-09T14:50:40.277Z] Checked if tokens are valid: true, expires at: 1746804952665
[debug] [2025-05-09T14:50:40.277Z] Checked if tokens are valid: true, expires at: 1746804952665
[debug] [2025-05-09T14:50:40.277Z] >>> [apiv2][query] POST https://cloudresourcemanager.googleapis.com/v1/projects/portfolio-dc1db:testIamPermissions [none]
[debug] [2025-05-09T14:50:40.277Z] >>> [apiv2][(partial)header] POST https://cloudresourcemanager.googleapis.com/v1/projects/portfolio-dc1db:testIamPermissions x-goog-quota-user=projects/portfolio-dc1db
[debug] [2025-05-09T14:50:40.277Z] >>> [apiv2][body] POST https://cloudresourcemanager.googleapis.com/v1/projects/portfolio-dc1db:testIamPermissions {"permissions":["firebase.projects.get"]}
[debug] [2025-05-09T14:50:41.055Z] <<< [apiv2][status] POST https://cloudresourcemanager.googleapis.com/v1/projects/portfolio-dc1db:testIamPermissions 200
[debug] [2025-05-09T14:50:41.055Z] <<< [apiv2][body] POST https://cloudresourcemanager.googleapis.com/v1/projects/portfolio-dc1db:testIamPermissions {"permissions":["firebase.projects.get"]}
[info] 
[info] Firestore Security Rules allow you to define how and when to allow
[info] requests. You can keep these rules in your project directory
[info] and publish them with firebase deploy.
[info] 
[debug] [2025-05-09T14:51:07.158Z] Checked if tokens are valid: true, expires at: 1746804952665
[debug] [2025-05-09T14:51:07.158Z] Checked if tokens are valid: true, expires at: 1746804952665
[debug] [2025-05-09T14:51:07.159Z] >>> [apiv2][query] GET https://firebaserules.googleapis.com/v1/projects/portfolio-dc1db/releases pageSize=10&pageToken=
[debug] [2025-05-09T14:51:07.972Z] <<< [apiv2][status] GET https://firebaserules.googleapis.com/v1/projects/portfolio-dc1db/releases 200
[debug] [2025-05-09T14:51:07.972Z] <<< [apiv2][body] GET https://firebaserules.googleapis.com/v1/projects/portfolio-dc1db/releases {"releases":[{"name":"projects/portfolio-dc1db/releases/cloud.firestore","rulesetName":"projects/portfolio-dc1db/rulesets/57a238f9-9fd6-4446-afe7-69d79e9bac7c","createTime":"2025-05-09T14:44:01.620945Z","updateTime":"2025-05-09T14:44:01.620945Z"}]}
[debug] [2025-05-09T14:51:07.972Z] Found ruleset: projects/portfolio-dc1db/rulesets/57a238f9-9fd6-4446-afe7-69d79e9bac7c
[debug] [2025-05-09T14:51:07.973Z] Checked if tokens are valid: true, expires at: 1746804952665
[debug] [2025-05-09T14:51:07.973Z] Checked if tokens are valid: true, expires at: 1746804952665
[debug] [2025-05-09T14:51:07.973Z] >>> [apiv2][query] GET https://firebaserules.googleapis.com/v1/projects/portfolio-dc1db/rulesets/57a238f9-9fd6-4446-afe7-69d79e9bac7c [none]
[debug] [2025-05-09T14:51:08.706Z] <<< [apiv2][status] GET https://firebaserules.googleapis.com/v1/projects/portfolio-dc1db/rulesets/57a238f9-9fd6-4446-afe7-69d79e9bac7c 200
[debug] [2025-05-09T14:51:08.706Z] <<< [apiv2][body] GET https://firebaserules.googleapis.com/v1/projects/portfolio-dc1db/rulesets/57a238f9-9fd6-4446-afe7-69d79e9bac7c [omitted]
[debug] [2025-05-09T14:51:09.060Z] TypeError [ERR_INVALID_ARG_TYPE]: The "path" argument must be of type string. Received undefined
    at Object.isAbsolute (node:path:1247:5)
    at Config.path (/opt/homebrew/lib/node_modules/firebase-tools/lib/config.js:130:18)
    at Config.writeProjectFile (/opt/homebrew/lib/node_modules/firebase-tools/lib/config.js:162:32)
    at /opt/homebrew/lib/node_modules/firebase-tools/lib/init/features/firestore/rules.js:37:23
    at process.processTicksAndRejections (node:internal/process/task_queues:105:5)
    at async doSetup (/opt/homebrew/lib/node_modules/firebase-tools/lib/init/features/firestore/index.js:48:5)
    at async init (/opt/homebrew/lib/node_modules/firebase-tools/lib/init/index.js:41:9)
    at async Command.initAction [as actionFn] (/opt/homebrew/lib/node_modules/firebase-tools/lib/commands/init.js:187:5)
[error] 
[error] Error: An unexpected error has occurred.
